\BOOKMARK [1][-]{section.1}{\376\377\000G\000i\036\333\000i\000\040\000T\000h\000i\036\307\000u}{}% 1
\BOOKMARK [1][-]{section.2}{\376\377\000T\036\247\000m\000\040\000Q\000u\000a\000n\000\040\000T\000r\036\315\000n\000g\000\040\000v\000\340\000\040\000T\000\355\000n\000h\000\040\000K\000h\036\243\000\040\000T\000h\000i\000\040\000c\036\347\000a\000\040\000P\000h\000\342\000n\000\040\000T\000\355\000c\000h\000\040\000D\036\357\000\040\000L\000i\036\307\000u\000\040\000L\036\333\000n\000\040\000t\000r\000o\000n\000g\000\040\000N\000g\000\340\000n\000h\000\040\001\020\000i\036\307\000n}{}% 2
\BOOKMARK [2][-]{subsection.2.1}{\376\377\000S\036\361\000\040\000T\000\341\000c\000\040\001\020\036\331\000n\000g\000\040\000c\036\347\000a\000\040\000P\000h\000\342\000n\000\040\000T\000\355\000c\000h\000\040\000D\036\357\000\040\000L\000i\036\307\000u\000\040\000L\036\333\000n}{section.2}% 3
\BOOKMARK [2][-]{subsection.2.2}{\376\377\000C\000\341\000c\000\040\000N\000g\000u\036\323\000n\000\040\000D\036\357\000\040\000L\000i\036\307\000u\000\040\000M\036\333\000i}{section.2}% 4
\BOOKMARK [2][-]{subsection.2.3}{\376\377\000C\000\341\000c\000\040\000C\000\342\000n\000\040\000N\000h\036\257\000c\000\040\000Q\000u\000a\000n\000\040\000T\000r\036\315\000n\000g\000\040\000K\000h\000i\000\040\000T\036\241\000o\000\040\000R\000a\000\040\000C\000\341\000c\000\040\000T\036\255\000p\000\040\000D\036\357\000\040\000L\000i\036\307\000u}{section.2}% 5
\BOOKMARK [1][-]{section.3}{\376\377\000T\000h\000\341\000c\000h\000\040\000T\000h\036\351\000c\000\040\000c\036\347\000a\000\040\000C\000\364\000n\000g\000\040\000V\000i\036\307\000c\000\040\000P\000h\000\342\000n\000\040\000T\000\355\000c\000h\000\040\000D\036\357\000\040\000L\000i\036\307\000u\000\040\000L\036\333\000n}{}% 6
\BOOKMARK [2][-]{subsection.3.1}{\376\377\000N\036\301\000n\000\040\000T\036\243\000n\000g\000\040\000c\036\347\000a\000\040\000K\000h\000o\000a\000\040\000H\036\315\000c\000\040\000D\036\357\000\040\000L\000i\036\307\000u}{section.3}% 7
\BOOKMARK [2][-]{subsection.3.2}{\376\377\000K\000h\000\355\000a\000\040\000C\036\241\000n\000h\000\040\000K\001\051\000\040\000T\000h\000u\036\255\000t}{section.3}% 8
\BOOKMARK [2][-]{subsection.3.3}{\376\377\000K\000h\000u\000n\000g\000\040\001\020\001\260\000a\000\040\000r\000a\000\040\000Q\000u\000y\036\277\000t\000\040\001\020\036\313\000n\000h}{section.3}% 9
\BOOKMARK [1][-]{section.4}{\376\377\036\350\000n\000g\000\040\000D\036\345\000n\000g}{}% 10
\BOOKMARK [2][-]{subsection.4.1}{\376\377\000Q\000u\036\243\000n\000\040\000L\000\375\000\040\000t\000\340\000i\000\040\000S\036\243\000n\000\040\000C\001\241\000\040\000S\036\337\000\040\000H\036\241\000\040\000T\036\247\000n\000g\000\040\000v\000\340\000\040\000S\036\361\000\040\000C\036\321\000\040\000M\036\245\000t\000\040\001\020\000i\036\307\000n}{section.4}% 11
\BOOKMARK [3][-]{subsubsection.4.1.1}{\376\377\000P\000h\000\342\000n\000\040\000L\000o\036\241\000i\000\040\000T\000\340\000i\000\040\000S\036\243\000n}{subsection.4.1}% 12
\BOOKMARK [3][-]{subsubsection.4.1.2}{\376\377\000C\000\341\000c\000\040\000T\000\341\000c\000\040\001\020\036\331\000n\000g\000\040\000c\036\347\000a\000\040\000T\000h\036\335\000i\000\040\000T\000i\036\277\000t\000\040\000v\000\340\000\040\000V\000i\036\307\000c\000\040\000M\036\245\000t\000\040\001\020\000i\036\307\000n}{subsection.4.1}% 13
\BOOKMARK [3][-]{subsubsection.4.1.3}{\376\377\000C\001\241\000\040\000B\036\243\000n\000\040\000v\036\301\000\040\000Q\000u\036\243\000n\000\040\000L\000\375\000\040\000M\036\245\000t\000\040\001\020\000i\036\307\000n}{subsection.4.1}% 14
\BOOKMARK [3][-]{subsubsection.4.1.4}{\376\377\001\257\036\333\000c\000\040\001\020\000o\000\341\000n\000\040\000S\036\361\000\040\000M\036\245\000t\000\040\001\020\000i\036\307\000n\000\040\000v\000\340\000\040\000M\036\241\000n\000g\000\040\000L\001\260\036\333\000i\000\040\000T\000r\000u\000y\036\301\000n\000\040\000T\036\243\000i}{subsection.4.1}% 15
\BOOKMARK [3][-]{subsubsection.4.1.5}{\376\377\001\020\000\341\000n\000h\000\040\000g\000i\000\341\000\040\000t\000\354\000n\000h\000\040\000t\000r\036\241\000n\000g\000\040\000h\000o\036\241\000t\000\040\001\021\036\331\000n\000g\000\040\000v\000\340\000\040\000s\036\361\000\040\000x\000u\036\321\000n\000g\000\040\000c\036\245\000p\000\040\000c\036\347\000a\000\040\000t\000r\036\241\000m\000\040\000b\000i\036\277\000n\000\040\000\341\000p}{subsection.4.1}% 16
\BOOKMARK [3][-]{subsubsection.4.1.6}{\376\377\000N\000h\036\357\000n\000g\000\040\000d\036\361\000\040\001\021\000o\000\341\000n\000\040\000v\036\301\000\040\000t\000h\000i\036\307\000t\000\040\000h\036\241\000i\000\040\000c\001\241\000\040\000s\036\337\000\040\000h\036\241\000\040\000t\036\247\000n\000g\000\040\000t\000h\036\243\000m\000\040\000k\000h\036\321\000c\000\040\000g\000\342\000y\000\040\000r\000a\000\040\000c\000\341\000c\000\040\000t\000\354\000n\000h\000\040\000t\000r\036\241\000n\000g\000\040\000m\036\245\000t\000\040\001\021\000i\036\307\000n}{subsection.4.1}% 17
\BOOKMARK [2][-]{subsection.4.2}{\376\377\000P\000h\000\342\000n\000\040\000t\000\355\000c\000h\000\040\000d\036\357\000\040\000l\000i\036\307\000u\000\040\000t\000h\000u\000\040\000t\000h\036\255\000p\000\040\000t\036\353\000\040\000c\000\341\000c\000\040\000c\000\364\000n\000g\000\040\000t\001\241\000\040\000t\000h\000\364\000n\000g\000\040\000m\000i\000n\000h}{section.4}% 18
\BOOKMARK [3][-]{subsubsection.4.2.1}{\376\377\000D\036\361\000\040\000b\000\341\000o\000\040\000t\036\243\000i}{subsection.4.2}% 19
\BOOKMARK [3][-]{subsubsection.4.2.2}{\376\377\000H\036\323\000\040\000s\001\241\000\040\000t\000i\000\352\000u\000\040\000t\000h\036\345\000\040\001\021\000i\036\307\000n\000\040\000c\036\347\000a\000\040\000k\000h\000\341\000c\000h\000\040\000h\000\340\000n\000g}{subsection.4.2}% 20
\BOOKMARK [3][-]{subsubsection.4.2.3}{\376\377\000P\000h\000\342\000n\000\040\000t\000\355\000c\000h\000\040\000D\000E\000R}{subsection.4.2}% 21
\BOOKMARK [3][-]{subsubsection.4.2.4}{\376\377\000C\000\341\000c\000\040\036\351\000n\000g\000\040\000d\036\345\000n\000g\000\040\000v\036\333\000i\000\040\000m\036\241\000n\000g\000\040\000l\001\260\036\333\000i\000\040\001\021\000i\036\307\000n}{subsection.4.2}% 22
\BOOKMARK [3][-]{subsubsection.4.2.5}{\376\377\000D\036\361\000\040\000b\000\341\000o\000\040\000t\036\243\000i}{subsection.4.2}% 23
\BOOKMARK [2][-]{subsection.4.3}{\376\377\000D\036\361\000\040\000b\000\341\000o\000\040\000v\000\340\000\040\000p\000h\000\342\000n\000\040\000t\000\355\000c\000h\000\040\000n\001\003\000n\000g\000\040\000l\001\260\036\343\000n\000g\000\040\000t\000\341\000i\000\040\000t\036\241\000o}{section.4}% 24
\BOOKMARK [2][-]{subsection.4.4}{\376\377\000H\000i\036\307\000u\000\040\000q\000u\036\243\000\040\000v\000\340\000\040\000t\036\321\000i\000\040\001\260\000u\000\040\000h\000\363\000a\000\040\000n\001\003\000n\000g\000\040\000l\001\260\036\343\000n\000g}{section.4}% 25
\BOOKMARK [2][-]{subsection.4.5}{\376\377\000P\000h\000\342\000n\000\040\000t\000\355\000c\000h\000\040\000d\036\357\000\040\000l\000i\036\307\000u\000\040\000s\000y\000n\000c\000h\000r\000o\000p\000h\000a\000s\000o\000r\000\040\000v\000\340\000\040\000s\036\361\000\040\000k\000i\036\307\000n}{section.4}% 26
\BOOKMARK [2][-]{subsection.4.6}{\376\377\000C\000\341\000c\000\040\036\351\000n\000g\000\040\000d\036\345\000n\000g\000\040\000c\000h\000o\000\040\000l\001\260\036\333\000i\000\040\001\021\000i\036\307\000n}{section.4}% 27
\BOOKMARK [3][-]{subsubsection.4.6.1}{\376\377\000T\000\355\000n\000h\000\040\000q\000u\000a\000n\000\040\000s\000\341\000t}{subsection.4.6}% 28
\BOOKMARK [3][-]{subsubsection.4.6.2}{\376\377\000H\036\331\000\040\000t\000r\036\343\000\040\000r\000a\000\040\000q\000u\000y\036\277\000t\000\040\001\021\036\313\000n\000h\000\040\000v\000\340\000\040\001\021\000i\036\301\000u\000\040\000k\000h\000i\036\303\000n}{subsection.4.6}% 29
\BOOKMARK [1][-]{section.5}{\376\377\000C\001\241\000\040\000h\036\331\000i\000\040\000v\000\340\000\040\000t\000h\000\341\000c\000h\000\040\000t\000h\036\351\000c\000\040\000t\000r\000o\000n\000g\000\040\000t\001\260\001\241\000n\000g\000\040\000l\000a\000i}{}% 30
\BOOKMARK [1][-]{section.6}{\376\377\000K\036\277\000t\000\040\000l\000u\036\255\000n}{}% 31
